<?xml version="1.0" encoding="UTF-8"?>
<!-- Generated by org.testng.reporters.JUnitReportReporter -->
<testsuite hostname="DESKTOP-S5LVNE2" failures="0" tests="1" name="dataDrivenFramework.Exceldata" time="2.726" errors="0" timestamp="2025-03-05T12:03:11 IST" skipped="0">
  <testcase classname="dataDrivenFramework.Exceldata" name="excelTestData" time="2.726"/>
</testsuite> <!-- dataDrivenFramework.Exceldata -->
