<?xml version="1.0" encoding="UTF-8"?>
<!-- Generated by org.testng.reporters.JUnitReportReporter -->
<testsuite hostname="DESKTOP-S5LVNE2" failures="0" tests="1" name="com1224.validateLogin" time="4.078" errors="0" timestamp="2025-03-01T12:32:35 IST" skipped="0">
  <testcase classname="com1224.validateLogin" name="testheadind" time="4.078"/>
</testsuite> <!-- com1224.validateLogin -->
