<?xml version="1.0" encoding="UTF-8"?>
<!-- Generated by org.testng.reporters.JUnitReportReporter -->
<testsuite hostname="DESKTOP-S5LVNE2" failures="0" tests="4" name="dataDrivenFramework.TestLoginFunctionality" time="0.041" errors="0" timestamp="2025-03-05T12:29:20 IST" skipped="0">
  <testcase classname="dataDrivenFramework.TestLoginFunctionality" name="validattestData" time="0.030"/>
  <testcase classname="dataDrivenFramework.TestLoginFunctionality" name="validattestData" time="0.002"/>
  <testcase classname="dataDrivenFramework.TestLoginFunctionality" name="validattestData" time="0.005"/>
  <testcase classname="dataDrivenFramework.TestLoginFunctionality" name="validattestData" time="0.004"/>
</testsuite> <!-- dataDrivenFramework.TestLoginFunctionality -->
