<?xml version="1.0" encoding="UTF-8"?>
<!-- Generated by org.testng.reporters.JUnitReportReporter -->
<testsuite hostname="DESKTOP-S5LVNE2" failures="0" tests="1" name="ConfigurationData.TestCases" time="15.672" errors="0" timestamp="2025-03-07T13:07:15 IST" skipped="0">
  <testcase classname="ConfigurationData.TestCases" name="validateTestcase" time="15.672"/>
</testsuite> <!-- ConfigurationData.TestCases -->
