<?xml version="1.0" encoding="UTF-8"?>
<!-- Generated by org.testng.reporters.JUnitReportReporter -->
<testsuite hostname="DESKTOP-S5LVNE2" failures="0" tests="2" name="TestNgPackage.TestNGTest" time="0.069" errors="0" timestamp="2025-02-27T11:55:38 IST" skipped="0">
  <testcase classname="TestNgPackage.TestNGTest" name="test3" time="0.006"/>
  <testcase classname="TestNgPackage.TestNGTest" name="test2" time="0.063"/>
</testsuite> <!-- TestNgPackage.TestNGTest -->
